/home/eugene/STT/ros2_ws/install/wmr_tb3/lib/python3.10/site-packages/wmr_tb3/controller_core.py
/home/eugene/STT/ros2_ws/install/wmr_tb3/lib/python3.10/site-packages/wmr_tb3/tracking_node.py
/home/eugene/STT/ros2_ws/install/wmr_tb3/lib/python3.10/site-packages/wmr_tb3/__init__.py
/home/eugene/STT/ros2_ws/install/wmr_tb3/lib/python3.10/site-packages/wmr_tb3/slip_injector.py
/home/eugene/STT/ros2_ws/install/wmr_tb3/lib/python3.10/site-packages/wmr_tb3/trajectories.py
/home/eugene/STT/ros2_ws/install/wmr_tb3/lib/python3.10/site-packages/wmr_tb3/__pycache__/controller_core.cpython-310.pyc
/home/eugene/STT/ros2_ws/install/wmr_tb3/lib/python3.10/site-packages/wmr_tb3/__pycache__/tracking_node.cpython-310.pyc
/home/eugene/STT/ros2_ws/install/wmr_tb3/lib/python3.10/site-packages/wmr_tb3/__pycache__/__init__.cpython-310.pyc
/home/eugene/STT/ros2_ws/install/wmr_tb3/lib/python3.10/site-packages/wmr_tb3/__pycache__/slip_injector.cpython-310.pyc
/home/eugene/STT/ros2_ws/install/wmr_tb3/lib/python3.10/site-packages/wmr_tb3/__pycache__/trajectories.cpython-310.pyc
/home/eugene/STT/ros2_ws/install/wmr_tb3/share/ament_index/resource_index/packages/wmr_tb3
/home/eugene/STT/ros2_ws/install/wmr_tb3/share/wmr_tb3/package.xml
/home/eugene/STT/ros2_ws/install/wmr_tb3/share/wmr_tb3/launch/track.launch.py
/home/eugene/STT/ros2_ws/install/wmr_tb3/share/wmr_tb3/launch/gazebo_slip.launch.py
/home/eugene/STT/ros2_ws/install/wmr_tb3/share/wmr_tb3/config/tb3_track.yaml
/home/eugene/STT/ros2_ws/install/wmr_tb3/share/wmr_tb3/models/tb3_burger_slip/model.sdf
/home/eugene/STT/ros2_ws/install/wmr_tb3/share/wmr_tb3/models/tb3_burger_slip/model.config
/home/eugene/STT/ros2_ws/install/wmr_tb3/lib/python3.10/site-packages/wmr_tb3-0.1.0-py3.10.egg-info/dependency_links.txt
/home/eugene/STT/ros2_ws/install/wmr_tb3/lib/python3.10/site-packages/wmr_tb3-0.1.0-py3.10.egg-info/top_level.txt
/home/eugene/STT/ros2_ws/install/wmr_tb3/lib/python3.10/site-packages/wmr_tb3-0.1.0-py3.10.egg-info/entry_points.txt
/home/eugene/STT/ros2_ws/install/wmr_tb3/lib/python3.10/site-packages/wmr_tb3-0.1.0-py3.10.egg-info/zip-safe
/home/eugene/STT/ros2_ws/install/wmr_tb3/lib/python3.10/site-packages/wmr_tb3-0.1.0-py3.10.egg-info/requires.txt
/home/eugene/STT/ros2_ws/install/wmr_tb3/lib/python3.10/site-packages/wmr_tb3-0.1.0-py3.10.egg-info/PKG-INFO
/home/eugene/STT/ros2_ws/install/wmr_tb3/lib/python3.10/site-packages/wmr_tb3-0.1.0-py3.10.egg-info/SOURCES.txt
/home/eugene/STT/ros2_ws/install/wmr_tb3/lib/wmr_tb3/slip_injector
/home/eugene/STT/ros2_ws/install/wmr_tb3/lib/wmr_tb3/tracking_node
