running egg_info
writing ../../build/wmr_tb3/wmr_tb3.egg-info/PKG-INFO
writing dependency_links to ../../build/wmr_tb3/wmr_tb3.egg-info/dependency_links.txt
writing entry points to ../../build/wmr_tb3/wmr_tb3.egg-info/entry_points.txt
writing requirements to ../../build/wmr_tb3/wmr_tb3.egg-info/requires.txt
writing top-level names to ../../build/wmr_tb3/wmr_tb3.egg-info/top_level.txt
reading manifest file '../../build/wmr_tb3/wmr_tb3.egg-info/SOURCES.txt'
writing manifest file '../../build/wmr_tb3/wmr_tb3.egg-info/SOURCES.txt'
running build
running build_py
copying wmr_tb3/controller_core.py -> /home/eugene/STT/ros2_ws/build/wmr_tb3/build/lib/wmr_tb3
copying wmr_tb3/tracking_node.py -> /home/eugene/STT/ros2_ws/build/wmr_tb3/build/lib/wmr_tb3
running install
running install_lib
copying /home/eugene/STT/ros2_ws/build/wmr_tb3/build/lib/wmr_tb3/controller_core.py -> /home/eugene/STT/ros2_ws/install/wmr_tb3/lib/python3.10/site-packages/wmr_tb3
copying /home/eugene/STT/ros2_ws/build/wmr_tb3/build/lib/wmr_tb3/tracking_node.py -> /home/eugene/STT/ros2_ws/install/wmr_tb3/lib/python3.10/site-packages/wmr_tb3
byte-compiling /home/eugene/STT/ros2_ws/install/wmr_tb3/lib/python3.10/site-packages/wmr_tb3/controller_core.py to controller_core.cpython-310.pyc
byte-compiling /home/eugene/STT/ros2_ws/install/wmr_tb3/lib/python3.10/site-packages/wmr_tb3/tracking_node.py to tracking_node.cpython-310.pyc
running install_data
running install_egg_info
removing '/home/eugene/STT/ros2_ws/install/wmr_tb3/lib/python3.10/site-packages/wmr_tb3-0.1.0-py3.10.egg-info' (and everything under it)
Copying ../../build/wmr_tb3/wmr_tb3.egg-info to /home/eugene/STT/ros2_ws/install/wmr_tb3/lib/python3.10/site-packages/wmr_tb3-0.1.0-py3.10.egg-info
running install_scripts
Installing tracking_node script to /home/eugene/STT/ros2_ws/install/wmr_tb3/lib/wmr_tb3
writing list of installed files to '/home/eugene/STT/ros2_ws/build/wmr_tb3/install.log'
